[debug] [2024-01-20T20:47:00.983Z] ----------------------------------------------------------------------
[debug] [2024-01-20T20:47:00.985Z] Command:       C:\Program Files\nodejs\node.exe C:\Users\hkm\AppData\Roaming\npm\node_modules\firebase-tools\lib\bin\firebase.js init
[debug] [2024-01-20T20:47:00.985Z] CLI Version:   13.0.3
[debug] [2024-01-20T20:47:00.985Z] Platform:      win32
[debug] [2024-01-20T20:47:00.985Z] Node Version:  v18.17.1
[debug] [2024-01-20T20:47:00.986Z] Time:          Sun Jan 21 2024 02:17:00 GMT+0530 (India Standard Time)
[debug] [2024-01-20T20:47:00.986Z] ----------------------------------------------------------------------
[debug] 
[debug] [2024-01-20T20:47:00.992Z] > command requires scopes: ["email","openid","https://www.googleapis.com/auth/cloudplatformprojects.readonly","https://www.googleapis.com/auth/firebase","https://www.googleapis.com/auth/cloud-platform"]
[debug] [2024-01-20T20:47:00.992Z] > authorizing via signed-in user (mdipanshu464@gmail.com)
[info] 
     ######## #### ########  ######## ########     ###     ######  ########
     ##        ##  ##     ## ##       ##     ##  ##   ##  ##       ##
     ######    ##  ########  ######   ########  #########  ######  ######
     ##        ##  ##    ##  ##       ##     ## ##     ##       ## ##
     ##       #### ##     ## ######## ########  ##     ##  ######  ########

You're about to initialize a Firebase project in this directory:

  C:\Users\hkm\Desktop\expense-tracker

[info] 
=== Project Setup
[info] 
[info] First, let's associate this project directory with a Firebase project.
[info] You can create multiple project aliases by running firebase use --add, 
[info] but for now we'll just set up a default project.
[info] 
[debug] [2024-01-20T20:47:18.748Z] >>> [apiv2][query] GET https://firebase.googleapis.com/v1beta1/projects pageSize=100
[debug] [2024-01-20T20:47:20.324Z] <<< [apiv2][status] GET https://firebase.googleapis.com/v1beta1/projects 200
[debug] [2024-01-20T20:47:20.325Z] <<< [apiv2][body] GET https://firebase.googleapis.com/v1beta1/projects [omitted]
[info] i  Using project expense-tracker-7ae06 (expense-tracker) 
[info] 
=== Hosting Setup
[debug] [2024-01-20T20:47:22.425Z] >>> [apiv2][query] GET https://firebase.googleapis.com/v1beta1/projects/expense-tracker-7ae06 [none]
[debug] [2024-01-20T20:47:23.337Z] <<< [apiv2][status] GET https://firebase.googleapis.com/v1beta1/projects/expense-tracker-7ae06 200
[debug] [2024-01-20T20:47:23.338Z] <<< [apiv2][body] GET https://firebase.googleapis.com/v1beta1/projects/expense-tracker-7ae06 {"projectId":"expense-tracker-7ae06","projectNumber":"292362658017","displayName":"expense-tracker","name":"projects/expense-tracker-7ae06","resources":{"hostingSite":"expense-tracker-7ae06"},"state":"ACTIVE","etag":"1_92050f76-cb19-46ef-94ef-615aa01db7d6"}
[info] 
[info] Your public directory is the folder (relative to your project directory) that
[info] will contain Hosting assets to be uploaded with firebase deploy. If you
[info] have a build process for your assets, use your build's output directory.
[info] 
[debug] [2024-01-20T20:47:50.408Z] >>> [apiv2][query] GET https://www.gstatic.com/firebasejs/releases.json [none]
[debug] [2024-01-20T20:47:50.813Z] <<< [apiv2][status] GET https://www.gstatic.com/firebasejs/releases.json 200
[debug] [2024-01-20T20:47:50.813Z] <<< [apiv2][body] GET https://www.gstatic.com/firebasejs/releases.json {"current":{"version":"10.7.2","browserURL":"https://www.gstatic.com/firebasejs/10.7.2/firebase.js","packageURL":"https://www.gstatic.com/firebasejs/10.7.2/firebase.tgz"},"live":{"version":"10.7","browserURL":"https://www.gstatic.com/firebasejs/live/10.7/firebase.js","packageURL":"https://www.gstatic.com/firebasejs/live/10.7/firebase.tgz"},"components":{"analytics":"https://www.gstatic.com/firebasejs/10.7.2/firebase-analytics.js","app":"https://www.gstatic.com/firebasejs/10.7.2/firebase-app.js","app-check":"https://www.gstatic.com/firebasejs/10.7.2/firebase-app-check.js","auth":"https://www.gstatic.com/firebasejs/10.7.2/firebase-auth.js","auth/cordova":"https://www.gstatic.com/firebasejs/10.7.2/firebase-auth/cordova.js","functions":"https://www.gstatic.com/firebasejs/10.7.2/firebase-functions.js","firestore":"https://www.gstatic.com/firebasejs/10.7.2/firebase-firestore.js","firestore/lite":"https://www.gstatic.com/firebasejs/10.7.2/firebase-firestore/lite.js","installations":"https://www.gstatic.com/firebasejs/10.7.2/firebase-installations.js","storage":"https://www.gstatic.com/firebasejs/10.7.2/firebase-storage.js","performance":"https://www.gstatic.com/firebasejs/10.7.2/firebase-performance.js","remote-config":"https://www.gstatic.com/firebasejs/10.7.2/firebase-remote-config.js","messaging":"https://www.gstatic.com/firebasejs/10.7.2/firebase-messaging.js","messaging/sw":"https://www.gstatic.com/firebasejs/10.7.2/firebase-messaging/sw.js","database":"https://www.gstatic.com/firebasejs/10.7.2/firebase-database.js","firestore.memory":"https://www.gstatic.com/firebasejs/10.7.2/firebase-firestore.memory.js"}}
[info] i  Skipping write of public/index.html 
[info] 
[info] i  Detected a .git folder at C:\Users\hkm\Desktop\expense-tracker 
[info] i  Authorizing with GitHub to upload your service account to a GitHub repository's secrets store. 
[info] 
[info] Visit this URL on this device to log in:
[info] https://github.com/login/oauth/authorize?client_id=89cf50f02ac6aaed3484&state=289966948&redirect_uri=http%3A%2F%2Flocalhost%3A9005&scope=read%3Auser%20repo%20public_repo
[info] 
[info] Waiting for authentication...
[debug] [2024-01-20T20:50:47.335Z] >>> [apiv2][query] POST https://github.com/login/oauth/access_token [none]
[debug] [2024-01-20T20:50:47.336Z] >>> [apiv2][body] POST https://github.com/login/oauth/access_token [stream]
[debug] [2024-01-20T20:50:47.895Z] <<< [apiv2][status] POST https://github.com/login/oauth/access_token 200
[debug] [2024-01-20T20:50:47.896Z] <<< [apiv2][body] POST https://github.com/login/oauth/access_token {"access_token":"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","token_type":"bearer","scope":"read:user,repo"}
[debug] [2024-01-20T20:50:47.908Z] >>> [apiv2][query] GET https://api.github.com/user [none]
[debug] [2024-01-20T20:50:48.494Z] <<< [apiv2][status] GET https://api.github.com/user 200
[debug] [2024-01-20T20:50:48.494Z] <<< [apiv2][body] GET https://api.github.com/user {"login":"dipcoderr","id":148424835,"node_id":"U_kgDOCNjIgw","avatar_url":"https://avatars.githubusercontent.com/u/148424835?v=4","gravatar_id":"","url":"https://api.github.com/users/dipcoderr","html_url":"https://github.com/dipcoderr","followers_url":"https://api.github.com/users/dipcoderr/followers","following_url":"https://api.github.com/users/dipcoderr/following{/other_user}","gists_url":"https://api.github.com/users/dipcoderr/gists{/gist_id}","starred_url":"https://api.github.com/users/dipcoderr/starred{/owner}{/repo}","subscriptions_url":"https://api.github.com/users/dipcoderr/subscriptions","organizations_url":"https://api.github.com/users/dipcoderr/orgs","repos_url":"https://api.github.com/users/dipcoderr/repos","events_url":"https://api.github.com/users/dipcoderr/events{/privacy}","received_events_url":"https://api.github.com/users/dipcoderr/received_events","type":"User","site_admin":false,"name":"Dipanshu Mishra","company":null,"blog":"","location":"Agartala, Tripura","email":null,"hireable":null,"bio":"Problem Solving | Web Development","twitter_username":null,"public_repos":12,"public_gists":0,"followers":0,"following":0,"created_at":"2023-10-19T05:51:03Z","updated_at":"2024-01-18T12:32:05Z","private_gists":0,"total_private_repos":0,"owned_private_repos":0,"disk_usage":1672,"collaborators":0,"two_factor_authentication":false,"plan":{"name":"free","space":976562499,"collaborators":0,"private_repos":10000}}
[info] 
[info] +  Success! Logged into GitHub as dipcoderr 
[info] 
